[15:24:51] [ServerMain/INFO]: Building unoptimized datafixer
[15:24:55] [ServerMain/INFO]: Environment: authHost='https://authserver.mojang.com', accountsHost='https://api.mojang.com', sessionHost='https://sessionserver.mojang.com', servicesHost='https://api.minecraftservices.com', name='PROD'
[15:24:55] [ServerMain/INFO]: Found new data pack file/bukkit, loading it automatically
[15:24:58] [ServerMain/INFO]: Loaded 7 recipes
[15:25:03] [Server thread/INFO]: Starting minecraft server version 1.19
[15:25:03] [Server thread/INFO]: Loading properties
[15:25:04] [Server thread/INFO]: This server is running Paper version git-Paper-81 (MC: 1.19) (Implementing API version 1.19-R0.1-SNAPSHOT) (Git: 86f87ba)
[15:25:04] [Server thread/INFO]: Server Ping Player Sample Count: 12
[15:25:04] [Server thread/INFO]: Using 4 threads for Netty based IO
[15:25:05] [Server thread/INFO]: Default game type: SURVIVAL
[15:25:05] [Server thread/INFO]: Generating keypair
[15:25:06] [Server thread/INFO]: Starting Minecraft server on *:25565
[15:25:06] [Server thread/INFO]: Using epoll channel type
[15:25:06] [Server thread/INFO]: Paper: Using libdeflate (Linux x86_64) compression from Velocity.
[15:25:06] [Server thread/INFO]: Paper: Using OpenSSL 1.1.x (Linux x86_64) cipher from Velocity.
[15:25:10] [Server thread/INFO]: [ViaVersion] Loading ViaVersion v4.9.3
[15:25:10] [Server thread/INFO]: [ViaVersion] ViaVersion 4.9.3 is now loaded. Registering protocol transformers and injecting...
[15:25:11] [Via-Mappingloader-0/INFO]: [ViaVersion] Loading block connection mappings ...
[15:25:11] [Via-Mappingloader-0/INFO]: [ViaVersion] Using FastUtil Long2ObjectOpenHashMap for block connections
[15:25:11] [Server thread/INFO]: [ViaBackwards] Loading translations...
[15:25:11] [Server thread/INFO]: [ViaBackwards] Registering protocols...
[15:25:12] [Server thread/INFO]: [ViaBackwards] Loading ViaBackwards v4.9.2
[15:25:12] [Server thread/INFO]: [ProtocolLib] Loading ProtocolLib v5.1.0
[15:25:13] [Server thread/INFO]: [ViaRewind] Loading ViaRewind v3.0.6
[15:25:13] [Server thread/INFO]: Server permissions file permissions.yml is empty, ignoring it
[15:25:13] [Server thread/INFO]: [ProtocolLib] Enabling ProtocolLib v5.1.0
[15:25:13] [Server thread/INFO]: [ViaRewind] Enabling ViaRewind v3.0.6
[15:25:13] [Server thread/WARN]: **** SERVER IS RUNNING IN OFFLINE/INSECURE MODE!
[15:25:13] [Server thread/WARN]: The server will make no attempt to authenticate usernames. Beware.
[15:25:13] [Server thread/WARN]: Whilst this makes it possible to use BungeeCord, unless access to your server is properly restricted, it also opens up the ability for hackers to connect with any username they choose.
[15:25:13] [Server thread/WARN]: Please see http://www.spigotmc.org/wiki/firewall-guide/ for further information.
[15:25:13] [Server thread/WARN]: To change this, set "online-mode" to "true" in the server.properties file.
[15:25:13] [Server thread/INFO]: Preparing level "world"
[15:25:14] [Server thread/INFO]: -------- World Settings For [world] --------
[15:25:14] [Server thread/INFO]: View Distance: 10
[15:25:14] [Server thread/INFO]: Simulation Distance: 10
[15:25:14] [Server thread/INFO]: Allow Zombie Pigmen to spawn from portal blocks: true
[15:25:14] [Server thread/INFO]: Item Merge Radius: 2.5
[15:25:14] [Server thread/INFO]: Item Despawn Rate: 6000
[15:25:14] [Server thread/INFO]: Mob Spawn Range: 4
[15:25:14] [Server thread/INFO]: Arrow Despawn Rate: 1200 Trident Respawn Rate:1200
[15:25:14] [Server thread/INFO]: Zombie Aggressive Towards Villager: true
[15:25:14] [Server thread/INFO]: Nerfing mobs spawned from spawners: false
[15:25:14] [Server thread/INFO]: Experience Merge Radius: 3.0
[15:25:14] [Server thread/INFO]: Cactus Growth Modifier: 100%
[15:25:14] [Server thread/INFO]: Cane Growth Modifier: 100%
[15:25:14] [Server thread/INFO]: Melon Growth Modifier: 100%
[15:25:14] [Server thread/INFO]: Mushroom Growth Modifier: 100%
[15:25:14] [Server thread/INFO]: Pumpkin Growth Modifier: 100%
[15:25:14] [Server thread/INFO]: Sapling Growth Modifier: 100%
[15:25:14] [Server thread/INFO]: Beetroot Growth Modifier: 100%
[15:25:14] [Server thread/INFO]: Carrot Growth Modifier: 100%
[15:25:14] [Server thread/INFO]: Potato Growth Modifier: 100%
[15:25:14] [Server thread/INFO]: Wheat Growth Modifier: 100%
[15:25:14] [Server thread/INFO]: NetherWart Growth Modifier: 100%
[15:25:14] [Server thread/INFO]: Vine Growth Modifier: 100%
[15:25:14] [Server thread/INFO]: Cocoa Growth Modifier: 100%
[15:25:14] [Server thread/INFO]: Bamboo Growth Modifier: 100%
[15:25:14] [Server thread/INFO]: SweetBerry Growth Modifier: 100%
[15:25:14] [Server thread/INFO]: Kelp Growth Modifier: 100%
[15:25:14] [Server thread/INFO]: TwistingVines Growth Modifier: 100%
[15:25:14] [Server thread/INFO]: WeepingVines Growth Modifier: 100%
[15:25:14] [Server thread/INFO]: CaveVines Growth Modifier: 100%
[15:25:14] [Server thread/INFO]: GlowBerry Growth Modifier: 100%
[15:25:14] [Server thread/INFO]: Entity Activation Range: An 32 / Mo 32 / Ra 48 / Mi 16 / Tiv true / Isa false
[15:25:14] [Server thread/INFO]: Entity Tracking Range: Pl 48 / An 48 / Mo 48 / Mi 32 / Other 64
[15:25:14] [Server thread/INFO]: Hopper Transfer: 8 Hopper Check: 1 Hopper Amount: 1 Hopper Can Load Chunks: false
[15:25:14] [Server thread/INFO]: Custom Map Seeds:  Village: 10387312 Desert: 14357617 Igloo: 14357618 Jungle: 14357619 Swamp: 14357620 Monument: 10387313 Ocean: 14357621 Shipwreck: 165745295 End City: 10387313 Slime: 987234911 Nether: 30084232 Mansion: 10387319 Fossil: 14357921 Portal: 34222645
[15:25:14] [Server thread/INFO]: Max TNT Explosions: 100
[15:25:14] [Server thread/INFO]: Tile Max Tick Time: 50ms Entity max Tick Time: 50ms
[15:25:40] [Server thread/INFO]: -------- World Settings For [world_nether] --------
[15:25:40] [Server thread/INFO]: View Distance: 10
[15:25:40] [Server thread/INFO]: Simulation Distance: 10
[15:25:40] [Server thread/INFO]: Allow Zombie Pigmen to spawn from portal blocks: true
[15:25:40] [Server thread/INFO]: Item Merge Radius: 2.5
[15:25:40] [Server thread/INFO]: Item Despawn Rate: 6000
[15:25:40] [Server thread/INFO]: Mob Spawn Range: 4
[15:25:40] [Server thread/INFO]: Arrow Despawn Rate: 1200 Trident Respawn Rate:1200
[15:25:40] [Server thread/INFO]: Zombie Aggressive Towards Villager: true
[15:25:40] [Server thread/INFO]: Nerfing mobs spawned from spawners: false
[15:25:40] [Server thread/INFO]: Experience Merge Radius: 3.0
[15:25:40] [Server thread/INFO]: Cactus Growth Modifier: 100%
[15:25:40] [Server thread/INFO]: Cane Growth Modifier: 100%
[15:25:40] [Server thread/INFO]: Melon Growth Modifier: 100%
[15:25:40] [Server thread/INFO]: Mushroom Growth Modifier: 100%
[15:25:40] [Server thread/INFO]: Pumpkin Growth Modifier: 100%
[15:25:40] [Server thread/INFO]: Sapling Growth Modifier: 100%
[15:25:40] [Server thread/INFO]: Beetroot Growth Modifier: 100%
[15:25:40] [Server thread/INFO]: Carrot Growth Modifier: 100%
[15:25:40] [Server thread/INFO]: Potato Growth Modifier: 100%
[15:25:40] [Server thread/INFO]: Wheat Growth Modifier: 100%
[15:25:40] [Server thread/INFO]: NetherWart Growth Modifier: 100%
[15:25:40] [Server thread/INFO]: Vine Growth Modifier: 100%
[15:25:40] [Server thread/INFO]: Cocoa Growth Modifier: 100%
[15:25:40] [Server thread/INFO]: Bamboo Growth Modifier: 100%
[15:25:40] [Server thread/INFO]: SweetBerry Growth Modifier: 100%
[15:25:40] [Server thread/INFO]: Kelp Growth Modifier: 100%
[15:25:40] [Server thread/INFO]: TwistingVines Growth Modifier: 100%
[15:25:40] [Server thread/INFO]: WeepingVines Growth Modifier: 100%
[15:25:40] [Server thread/INFO]: CaveVines Growth Modifier: 100%
[15:25:40] [Server thread/INFO]: GlowBerry Growth Modifier: 100%
[15:25:40] [Server thread/INFO]: Entity Activation Range: An 32 / Mo 32 / Ra 48 / Mi 16 / Tiv true / Isa false
[15:25:40] [Server thread/INFO]: Entity Tracking Range: Pl 48 / An 48 / Mo 48 / Mi 32 / Other 64
[15:25:40] [Server thread/INFO]: Hopper Transfer: 8 Hopper Check: 1 Hopper Amount: 1 Hopper Can Load Chunks: false
[15:25:40] [Server thread/INFO]: Custom Map Seeds:  Village: 10387312 Desert: 14357617 Igloo: 14357618 Jungle: 14357619 Swamp: 14357620 Monument: 10387313 Ocean: 14357621 Shipwreck: 165745295 End City: 10387313 Slime: 987234911 Nether: 30084232 Mansion: 10387319 Fossil: 14357921 Portal: 34222645
[15:25:40] [Server thread/INFO]: Max TNT Explosions: 100
[15:25:40] [Server thread/INFO]: Tile Max Tick Time: 50ms Entity max Tick Time: 50ms
[15:25:42] [Server thread/INFO]: -------- World Settings For [world_the_end] --------
[15:25:42] [Server thread/INFO]: View Distance: 10
[15:25:42] [Server thread/INFO]: Simulation Distance: 10
[15:25:42] [Server thread/INFO]: Allow Zombie Pigmen to spawn from portal blocks: true
[15:25:42] [Server thread/INFO]: Item Merge Radius: 2.5
[15:25:42] [Server thread/INFO]: Item Despawn Rate: 6000
[15:25:42] [Server thread/INFO]: Mob Spawn Range: 4
[15:25:42] [Server thread/INFO]: Arrow Despawn Rate: 1200 Trident Respawn Rate:1200
[15:25:42] [Server thread/INFO]: Zombie Aggressive Towards Villager: true
[15:25:42] [Server thread/INFO]: Nerfing mobs spawned from spawners: false
[15:25:42] [Server thread/INFO]: Experience Merge Radius: 3.0
[15:25:42] [Server thread/INFO]: Cactus Growth Modifier: 100%
[15:25:42] [Server thread/INFO]: Cane Growth Modifier: 100%
[15:25:42] [Server thread/INFO]: Melon Growth Modifier: 100%
[15:25:42] [Server thread/INFO]: Mushroom Growth Modifier: 100%
[15:25:42] [Server thread/INFO]: Pumpkin Growth Modifier: 100%
[15:25:42] [Server thread/INFO]: Sapling Growth Modifier: 100%
[15:25:42] [Server thread/INFO]: Beetroot Growth Modifier: 100%
[15:25:42] [Server thread/INFO]: Carrot Growth Modifier: 100%
[15:25:42] [Server thread/INFO]: Potato Growth Modifier: 100%
[15:25:42] [Server thread/INFO]: Wheat Growth Modifier: 100%
[15:25:42] [Server thread/INFO]: NetherWart Growth Modifier: 100%
[15:25:42] [Server thread/INFO]: Vine Growth Modifier: 100%
[15:25:42] [Server thread/INFO]: Cocoa Growth Modifier: 100%
[15:25:42] [Server thread/INFO]: Bamboo Growth Modifier: 100%
[15:25:42] [Server thread/INFO]: SweetBerry Growth Modifier: 100%
[15:25:42] [Server thread/INFO]: Kelp Growth Modifier: 100%
[15:25:42] [Server thread/INFO]: TwistingVines Growth Modifier: 100%
[15:25:42] [Server thread/INFO]: WeepingVines Growth Modifier: 100%
[15:25:42] [Server thread/INFO]: CaveVines Growth Modifier: 100%
[15:25:42] [Server thread/INFO]: GlowBerry Growth Modifier: 100%
[15:25:42] [Server thread/INFO]: Entity Activation Range: An 32 / Mo 32 / Ra 48 / Mi 16 / Tiv true / Isa false
[15:25:42] [Server thread/INFO]: Entity Tracking Range: Pl 48 / An 48 / Mo 48 / Mi 32 / Other 64
[15:25:42] [Server thread/INFO]: Hopper Transfer: 8 Hopper Check: 1 Hopper Amount: 1 Hopper Can Load Chunks: false
[15:25:42] [Server thread/INFO]: Custom Map Seeds:  Village: 10387312 Desert: 14357617 Igloo: 14357618 Jungle: 14357619 Swamp: 14357620 Monument: 10387313 Ocean: 14357621 Shipwreck: 165745295 End City: 10387313 Slime: 987234911 Nether: 30084232 Mansion: 10387319 Fossil: 14357921 Portal: 34222645
[15:25:42] [Server thread/INFO]: Max TNT Explosions: 100
[15:25:42] [Server thread/INFO]: Tile Max Tick Time: 50ms Entity max Tick Time: 50ms
[15:25:44] [Server thread/INFO]: Preparing start region for dimension minecraft:overworld
[15:25:45] [Server thread/INFO]: Time elapsed: 818 ms
[15:25:45] [Worker-Main-1/INFO]: Preparing spawn area: 0%
[15:25:45] [Server thread/INFO]: Preparing start region for dimension minecraft:the_nether
[15:25:46] [Server thread/INFO]: Time elapsed: 1009 ms
[15:25:46] [Server thread/INFO]: Preparing start region for dimension minecraft:the_end
[15:25:47] [Server thread/INFO]: Time elapsed: 1137 ms
[15:25:47] [Server thread/INFO]: [ViaVersion] Enabling ViaVersion v4.9.3
[15:25:48] [Server thread/INFO]: [ViaVersion] ViaVersion detected server version: 1.19 (759)
[15:25:48] [Server thread/INFO]: [ViaBackwards] Enabling ViaBackwards v4.9.2
[15:25:48] [Server thread/INFO]: Running delayed init tasks
[15:25:48] [Server thread/INFO]: Done (45.082s)! For help, type "help"
[15:25:48] [Server thread/INFO]: Timings Reset
[15:25:48] [Craft Scheduler Thread - 5 - ViaVersion/INFO]: [ViaVersion] Finished mapping loading, shutting down loader executor!
[15:25:50] [Server thread/INFO]: [ProtocolLib] The updater found an update: 5.2.0 (Running 5.1.0). Download at https://www.spigotmc.org/resources/protocollib.1997/
[15:26:10] [User Authenticator #1/INFO]: UUID of player Char is ed29d03b-f01b-39dd-ab82-ac3b54f2c88b
[15:26:10] [Netty Epoll Server IO #3/WARN]: [ViaBackwards] Custom worlds heights are NOT SUPPORTED for 1.16 players and older and may lead to errors!
[15:26:10] [Netty Epoll Server IO #3/WARN]: [ViaBackwards] You have min/max set to -64/256
[15:26:10] [Server thread/INFO]: Char joined the game
[15:26:10] [Server thread/INFO]: Char[/[0:0:0:0:0:0:0:1]:45320] logged in with entity id 36 at ([world]-2.5, 72.0, 5.5)
[15:26:12] [Netty Epoll Server IO #3/WARN]: [ViaBackwards] Ignoring plugin channel in incoming REGISTER: EAG|UpdateCert-1.8
[15:26:12] [Netty Epoll Server IO #3/WARN]: [ViaBackwards] Ignoring plugin channel in incoming REGISTER: FML
[15:26:12] [Netty Epoll Server IO #3/WARN]: [ViaBackwards] Ignoring plugin channel in incoming REGISTER: EAG|Skins-1.8
[15:26:12] [Netty Epoll Server IO #3/WARN]: [ViaBackwards] Ignoring plugin channel in incoming REGISTER: FORGE
[15:26:41] [Server thread/INFO]: Char lost connection: Disconnected
[15:26:41] [Server thread/INFO]: Char left the game
[15:47:26] [Server thread/INFO]: CONSOLE: Please note that this command is not supported and may cause issues when using some plugins.
[15:47:26] [Server thread/INFO]: CONSOLE: If you encounter any issues please use the /stop command to restart your server.
[15:47:26] [Server thread/INFO]: Server Ping Player Sample Count: 12
[15:47:26] [Server thread/INFO]: Using 4 threads for Netty based IO
[15:47:26] [Server thread/INFO]: -------- World Settings For [world] --------
[15:47:26] [Server thread/INFO]: View Distance: 10
[15:47:26] [Server thread/INFO]: Simulation Distance: 10
[15:47:26] [Server thread/INFO]: Allow Zombie Pigmen to spawn from portal blocks: true
[15:47:26] [Server thread/INFO]: Item Merge Radius: 2.5
[15:47:26] [Server thread/INFO]: Item Despawn Rate: 6000
[15:47:26] [Server thread/INFO]: Mob Spawn Range: 4
[15:47:26] [Server thread/INFO]: Arrow Despawn Rate: 1200 Trident Respawn Rate:1200
[15:47:26] [Server thread/INFO]: Zombie Aggressive Towards Villager: true
[15:47:26] [Server thread/INFO]: Nerfing mobs spawned from spawners: false
[15:47:26] [Server thread/INFO]: Experience Merge Radius: 3.0
[15:47:26] [Server thread/INFO]: Cactus Growth Modifier: 100%
[15:47:26] [Server thread/INFO]: Cane Growth Modifier: 100%
[15:47:26] [Server thread/INFO]: Melon Growth Modifier: 100%
[15:47:26] [Server thread/INFO]: Mushroom Growth Modifier: 100%
[15:47:26] [Server thread/INFO]: Pumpkin Growth Modifier: 100%
[15:47:26] [Server thread/INFO]: Sapling Growth Modifier: 100%
[15:47:26] [Server thread/INFO]: Beetroot Growth Modifier: 100%
[15:47:26] [Server thread/INFO]: Carrot Growth Modifier: 100%
[15:47:26] [Server thread/INFO]: Potato Growth Modifier: 100%
[15:47:26] [Server thread/INFO]: Wheat Growth Modifier: 100%
[15:47:26] [Server thread/INFO]: NetherWart Growth Modifier: 100%
[15:47:26] [Server thread/INFO]: Vine Growth Modifier: 100%
[15:47:26] [Server thread/INFO]: Cocoa Growth Modifier: 100%
[15:47:26] [Server thread/INFO]: Bamboo Growth Modifier: 100%
[15:47:26] [Server thread/INFO]: SweetBerry Growth Modifier: 100%
[15:47:26] [Server thread/INFO]: Kelp Growth Modifier: 100%
[15:47:26] [Server thread/INFO]: TwistingVines Growth Modifier: 100%
[15:47:26] [Server thread/INFO]: WeepingVines Growth Modifier: 100%
[15:47:26] [Server thread/INFO]: CaveVines Growth Modifier: 100%
[15:47:26] [Server thread/INFO]: GlowBerry Growth Modifier: 100%
[15:47:26] [Server thread/INFO]: Entity Activation Range: An 32 / Mo 32 / Ra 48 / Mi 16 / Tiv true / Isa false
[15:47:26] [Server thread/INFO]: Entity Tracking Range: Pl 48 / An 48 / Mo 48 / Mi 32 / Other 64
[15:47:26] [Server thread/INFO]: Hopper Transfer: 8 Hopper Check: 1 Hopper Amount: 1 Hopper Can Load Chunks: false
[15:47:26] [Server thread/INFO]: Custom Map Seeds:  Village: 10387312 Desert: 14357617 Igloo: 14357618 Jungle: 14357619 Swamp: 14357620 Monument: 10387313 Ocean: 14357621 Shipwreck: 165745295 End City: 10387313 Slime: 987234911 Nether: 30084232 Mansion: 10387319 Fossil: 14357921 Portal: 34222645
[15:47:26] [Server thread/INFO]: Max TNT Explosions: 100
[15:47:26] [Server thread/INFO]: Tile Max Tick Time: 50ms Entity max Tick Time: 50ms
[15:47:26] [Server thread/INFO]: -------- World Settings For [world_nether] --------
[15:47:26] [Server thread/INFO]: View Distance: 10
[15:47:26] [Server thread/INFO]: Simulation Distance: 10
[15:47:26] [Server thread/INFO]: Allow Zombie Pigmen to spawn from portal blocks: true
[15:47:26] [Server thread/INFO]: Item Merge Radius: 2.5
[15:47:26] [Server thread/INFO]: Item Despawn Rate: 6000
[15:47:26] [Server thread/INFO]: Mob Spawn Range: 4
[15:47:26] [Server thread/INFO]: Arrow Despawn Rate: 1200 Trident Respawn Rate:1200
[15:47:26] [Server thread/INFO]: Zombie Aggressive Towards Villager: true
[15:47:26] [Server thread/INFO]: Nerfing mobs spawned from spawners: false
[15:47:26] [Server thread/INFO]: Experience Merge Radius: 3.0
[15:47:26] [Server thread/INFO]: Cactus Growth Modifier: 100%
[15:47:26] [Server thread/INFO]: Cane Growth Modifier: 100%
[15:47:26] [Server thread/INFO]: Melon Growth Modifier: 100%
[15:47:26] [Server thread/INFO]: Mushroom Growth Modifier: 100%
[15:47:26] [Server thread/INFO]: Pumpkin Growth Modifier: 100%
[15:47:26] [Server thread/INFO]: Sapling Growth Modifier: 100%
[15:47:26] [Server thread/INFO]: Beetroot Growth Modifier: 100%
[15:47:26] [Server thread/INFO]: Carrot Growth Modifier: 100%
[15:47:26] [Server thread/INFO]: Potato Growth Modifier: 100%
[15:47:26] [Server thread/INFO]: Wheat Growth Modifier: 100%
[15:47:26] [Server thread/INFO]: NetherWart Growth Modifier: 100%
[15:47:26] [Server thread/INFO]: Vine Growth Modifier: 100%
[15:47:26] [Server thread/INFO]: Cocoa Growth Modifier: 100%
[15:47:26] [Server thread/INFO]: Bamboo Growth Modifier: 100%
[15:47:26] [Server thread/INFO]: SweetBerry Growth Modifier: 100%
[15:47:26] [Server thread/INFO]: Kelp Growth Modifier: 100%
[15:47:26] [Server thread/INFO]: TwistingVines Growth Modifier: 100%
[15:47:26] [Server thread/INFO]: WeepingVines Growth Modifier: 100%
[15:47:26] [Server thread/INFO]: CaveVines Growth Modifier: 100%
[15:47:26] [Server thread/INFO]: GlowBerry Growth Modifier: 100%
[15:47:26] [Server thread/INFO]: Entity Activation Range: An 32 / Mo 32 / Ra 48 / Mi 16 / Tiv true / Isa false
[15:47:26] [Server thread/INFO]: Entity Tracking Range: Pl 48 / An 48 / Mo 48 / Mi 32 / Other 64
[15:47:26] [Server thread/INFO]: Hopper Transfer: 8 Hopper Check: 1 Hopper Amount: 1 Hopper Can Load Chunks: false
[15:47:26] [Server thread/INFO]: Custom Map Seeds:  Village: 10387312 Desert: 14357617 Igloo: 14357618 Jungle: 14357619 Swamp: 14357620 Monument: 10387313 Ocean: 14357621 Shipwreck: 165745295 End City: 10387313 Slime: 987234911 Nether: 30084232 Mansion: 10387319 Fossil: 14357921 Portal: 34222645
[15:47:26] [Server thread/INFO]: Max TNT Explosions: 100
[15:47:26] [Server thread/INFO]: Tile Max Tick Time: 50ms Entity max Tick Time: 50ms
[15:47:26] [Server thread/INFO]: -------- World Settings For [world_the_end] --------
[15:47:26] [Server thread/INFO]: View Distance: 10
[15:47:26] [Server thread/INFO]: Simulation Distance: 10
[15:47:26] [Server thread/INFO]: Allow Zombie Pigmen to spawn from portal blocks: true
[15:47:26] [Server thread/INFO]: Item Merge Radius: 2.5
[15:47:26] [Server thread/INFO]: Item Despawn Rate: 6000
[15:47:26] [Server thread/INFO]: Mob Spawn Range: 4
[15:47:26] [Server thread/INFO]: Arrow Despawn Rate: 1200 Trident Respawn Rate:1200
[15:47:26] [Server thread/INFO]: Zombie Aggressive Towards Villager: true
[15:47:26] [Server thread/INFO]: Nerfing mobs spawned from spawners: false
[15:47:26] [Server thread/INFO]: Experience Merge Radius: 3.0
[15:47:26] [Server thread/INFO]: Cactus Growth Modifier: 100%
[15:47:26] [Server thread/INFO]: Cane Growth Modifier: 100%
[15:47:26] [Server thread/INFO]: Melon Growth Modifier: 100%
[15:47:26] [Server thread/INFO]: Mushroom Growth Modifier: 100%
[15:47:26] [Server thread/INFO]: Pumpkin Growth Modifier: 100%
[15:47:26] [Server thread/INFO]: Sapling Growth Modifier: 100%
[15:47:26] [Server thread/INFO]: Beetroot Growth Modifier: 100%
[15:47:26] [Server thread/INFO]: Carrot Growth Modifier: 100%
[15:47:26] [Server thread/INFO]: Potato Growth Modifier: 100%
[15:47:26] [Server thread/INFO]: Wheat Growth Modifier: 100%
[15:47:26] [Server thread/INFO]: NetherWart Growth Modifier: 100%
[15:47:26] [Server thread/INFO]: Vine Growth Modifier: 100%
[15:47:26] [Server thread/INFO]: Cocoa Growth Modifier: 100%
[15:47:26] [Server thread/INFO]: Bamboo Growth Modifier: 100%
[15:47:26] [Server thread/INFO]: SweetBerry Growth Modifier: 100%
[15:47:26] [Server thread/INFO]: Kelp Growth Modifier: 100%
[15:47:26] [Server thread/INFO]: TwistingVines Growth Modifier: 100%
[15:47:26] [Server thread/INFO]: WeepingVines Growth Modifier: 100%
[15:47:26] [Server thread/INFO]: CaveVines Growth Modifier: 100%
[15:47:26] [Server thread/INFO]: GlowBerry Growth Modifier: 100%
[15:47:26] [Server thread/INFO]: Entity Activation Range: An 32 / Mo 32 / Ra 48 / Mi 16 / Tiv true / Isa false
[15:47:26] [Server thread/INFO]: Entity Tracking Range: Pl 48 / An 48 / Mo 48 / Mi 32 / Other 64
[15:47:26] [Server thread/INFO]: Hopper Transfer: 8 Hopper Check: 1 Hopper Amount: 1 Hopper Can Load Chunks: false
[15:47:26] [Server thread/INFO]: Custom Map Seeds:  Village: 10387312 Desert: 14357617 Igloo: 14357618 Jungle: 14357619 Swamp: 14357620 Monument: 10387313 Ocean: 14357621 Shipwreck: 165745295 End City: 10387313 Slime: 987234911 Nether: 30084232 Mansion: 10387319 Fossil: 14357921 Portal: 34222645
[15:47:26] [Server thread/INFO]: Max TNT Explosions: 100
[15:47:26] [Server thread/INFO]: Tile Max Tick Time: 50ms Entity max Tick Time: 50ms
[15:47:26] [Server thread/INFO]: [ViaRewind] Disabling ViaRewind v3.0.6
[15:47:26] [Server thread/INFO]: [ProtocolLib] Disabling ProtocolLib v5.1.0
[15:47:26] [Server thread/ERROR]: [ProtocolLib] ╔══════════════════════════════════════════════════════════════════╗
[15:47:26] [Server thread/ERROR]: [ProtocolLib] ║                               WARNING                            ║
[15:47:26] [Server thread/ERROR]: [ProtocolLib] ║     RELOADING THE SERVER WHILE PROTOCOL LIB IS ENABLED MIGHT     ║
[15:47:26] [Server thread/ERROR]: [ProtocolLib] ║                    LEAD TO UNEXPECTED ERRORS!                    ║
[15:47:26] [Server thread/ERROR]: [ProtocolLib] ║                                                                  ║
[15:47:26] [Server thread/ERROR]: [ProtocolLib] ║     Consider to cleanly restart your server if you encounter     ║
[15:47:26] [Server thread/ERROR]: [ProtocolLib] ║    any issues related to Protocol Lib before opening an issue    ║
[15:47:26] [Server thread/ERROR]: [ProtocolLib] ║                            on GitHub!                            ║
[15:47:26] [Server thread/ERROR]: [ProtocolLib] ╚══════════════════════════════════════════════════════════════════╝
[15:47:26] [Server thread/INFO]: [ViaBackwards] Disabling ViaBackwards v4.9.2
[15:47:26] [Server thread/INFO]: [ViaVersion] Disabling ViaVersion v4.9.3
[15:47:26] [Server thread/INFO]: [ViaVersion] ViaVersion is disabling, if this is a reload and you experience issues consider rebooting.
[15:47:26] [Server thread/INFO]: Loaded 7 recipes
[15:47:28] [Server thread/INFO]: [B_Home] Loading B_Home v1.0
[15:47:28] [Server thread/INFO]: [SimpleTpa] Loading SimpleTpa v6.6
[15:47:28] [Server thread/INFO]: [LifeSteal-Smp-Plugin] Loading LifeSteal-Smp-Plugin v2.3.21
[15:47:28] [Server thread/INFO]: [ViaVersion] Loading ViaVersion v4.9.3
[15:47:28] [Server thread/INFO]: [ViaVersion] ViaVersion 4.9.3 is now loaded. Registering protocol transformers and injecting...
[15:47:28] [Server thread/ERROR]: [ViaVersion] ViaVersion is already loaded, we're going to kick all the players... because otherwise we'll crash because of ProtocolLib.
[15:47:29] [Via-Mappingloader-0/INFO]: [ViaVersion] Loading block connection mappings ...
[15:47:29] [Server thread/INFO]: [ViaBackwards] Loading translations...
[15:47:29] [Server thread/INFO]: [ViaBackwards] Registering protocols...
[15:47:29] [Via-Mappingloader-0/INFO]: [ViaVersion] Using FastUtil Long2ObjectOpenHashMap for block connections
[15:47:30] [Server thread/INFO]: [ViaBackwards] Loading ViaBackwards v4.9.2
[15:47:30] [Server thread/INFO]: [ProtocolLib] Loading ProtocolLib v5.1.0
[15:47:32] [Server thread/INFO]: [ViaRewind] Loading ViaRewind v3.0.6
[15:47:32] [Server thread/INFO]: Server permissions file permissions.yml is empty, ignoring it
[15:47:32] [Server thread/INFO]: [ProtocolLib] Enabling ProtocolLib v5.1.0
[15:47:32] [Server thread/INFO]: [ViaRewind] Enabling ViaRewind v3.0.6
[15:47:32] [Server thread/INFO]: [B_Home] Enabling B_Home v1.0
[15:47:32] [Server thread/INFO]: [SimpleTpa] Enabling SimpleTpa v6.6
[15:47:32] [Server thread/INFO]: [SimpleTpa] If you need support contact me at https://discord.gg/SZUkza9
[15:47:32] [Server thread/INFO]: [SimpleTpa] Simple Tpa has been enabled on version 6.6
[15:47:32] [Server thread/INFO]: Enabled metrics. You may opt-out by changing plugins/bStats/config.yml
[15:47:32] [Server thread/INFO]: [LifeSteal-Smp-Plugin] Enabling LifeSteal-Smp-Plugin v2.3.21
[15:47:33] [Server thread/WARN]: [LifeSteal-Smp-Plugin] Unable to create file parent folder: /workspaces/EaglercraftX-1.19-Server/server/plugins/LifeSteal-Smp-Plugin
[15:47:33] [Server thread/WARN]: [LifeSteal-Smp-Plugin] Unable to create file parent folder: /workspaces/EaglercraftX-1.19-Server/server/plugins/LifeSteal-Smp-Plugin
[15:47:33] [Server thread/WARN]: [LifeSteal-Smp-Plugin] Unable to create file parent folder: /workspaces/EaglercraftX-1.19-Server/server/plugins/LifeSteal-Smp-Plugin
[15:47:33] [Server thread/WARN]: [LifeSteal-Smp-Plugin] Unable to create file parent folder: /workspaces/EaglercraftX-1.19-Server/server/plugins/LifeSteal-Smp-Plugin
[15:47:33] [Server thread/WARN]: [LifeSteal-Smp-Plugin] Unable to create file parent folder: /workspaces/EaglercraftX-1.19-Server/server/plugins/LifeSteal-Smp-Plugin
[15:47:34] [Server thread/INFO]: [ViaVersion] Enabling ViaVersion v4.9.3
[15:47:34] [Server thread/INFO]: [ViaVersion] ViaVersion detected server version: 1.19 (759)
[15:47:34] [Server thread/INFO]: [ViaBackwards] Enabling ViaBackwards v4.9.2
[15:47:34] [Server thread/INFO]: CONSOLE: Reload complete.
[15:47:34] [Server thread/WARN]: Can't keep up! Is the server overloaded? Running 8040ms or 160 ticks behind
[15:47:34] [Server thread/INFO]: Timings Reset
[15:47:34] [Craft Scheduler Thread - 8 - ViaVersion/INFO]: [ViaVersion] Finished mapping loading, shutting down loader executor!
[15:48:59] [User Authenticator #2/INFO]: UUID of player Char is ed29d03b-f01b-39dd-ab82-ac3b54f2c88b
[15:49:00] [Netty Epoll Server IO #2/WARN]: [ViaBackwards] Custom worlds heights are NOT SUPPORTED for 1.16 players and older and may lead to errors!
[15:49:00] [Netty Epoll Server IO #2/WARN]: [ViaBackwards] You have min/max set to -64/256
[15:49:00] [Server thread/INFO]: Char joined the game
[15:49:00] [Server thread/INFO]: Char[/[0:0:0:0:0:0:0:1]:43420] logged in with entity id 333 at ([world]-64.20109166678547, 70.0, 42.73340803235179)
[15:49:01] [Netty Epoll Server IO #2/WARN]: [ViaBackwards] Ignoring plugin channel in incoming REGISTER: EAG|UpdateCert-1.8
[15:49:01] [Netty Epoll Server IO #2/WARN]: [ViaBackwards] Ignoring plugin channel in incoming REGISTER: FML
[15:49:01] [Netty Epoll Server IO #2/WARN]: [ViaBackwards] Ignoring plugin channel in incoming REGISTER: EAG|Skins-1.8
[15:49:01] [Netty Epoll Server IO #2/WARN]: [ViaBackwards] Ignoring plugin channel in incoming REGISTER: FORGE
[15:49:15] [Server thread/INFO]: Char issued server command: /help
[15:49:19] [Server thread/INFO]: Char issued server command: /b_home
[15:49:21] [Server thread/INFO]: Char issued server command: /help b_home
[15:49:27] [Server thread/INFO]: Char issued server command: /help LifeSteal-Smp-Plugin
[15:49:30] [Server thread/INFO]: Char issued server command: /gamemode c
[15:49:35] [Server thread/INFO]: Made Char a server operator
[15:49:37] [Server thread/INFO]: Char issued server command: /gamemode c
[15:49:41] [Server thread/INFO]: Char issued server command: /gamemode 2
[15:49:43] [Server thread/INFO]: Char issued server command: /gamemode creative
[15:49:43] [Server thread/INFO]: [Char: Set own game mode to Creative Mode]
[15:49:50] [Server thread/INFO]: Char issued server command: /gamemode s
[15:49:53] [Server thread/INFO]: Char issued server command: /gamemode survival
[15:49:53] [Server thread/INFO]: [Char: Set own game mode to Survival Mode]
[15:49:54] [Server thread/INFO]: Char issued server command: /kill
[15:49:54] [Server thread/INFO]: Char fell out of the world
[15:49:54] [Server thread/INFO]: [Char: Killed Char]
[15:49:57] [Server thread/INFO]: Char issued server command: /kill
[15:49:57] [Server thread/INFO]: Char fell out of the world
[15:49:57] [Server thread/INFO]: [Char: Killed Char]
[15:50:00] [Server thread/INFO]: Char issued server command: /kill
[15:50:00] [Server thread/INFO]: Char fell out of the world
[15:50:00] [Server thread/INFO]: [Char: Killed Char]
[15:50:04] [Server thread/INFO]: Char issued server command: /kill
[15:50:04] [Server thread/INFO]: Char fell out of the world
[15:50:04] [Server thread/INFO]: [Char: Killed Char]
[15:50:23] [Server thread/INFO]: Char issued server command: /heart
[15:50:24] [Server thread/INFO]: Char issued server command: /hearts
[15:51:03] [Server thread/INFO]: Char issued server command: /ls
[15:52:22] [Server thread/INFO]: Char issued server command: /lshelp
[15:52:23] [Server thread/INFO]: Char issued server command: /lshealth
[15:52:28] [Server thread/INFO]: Char issued server command: /lshealth set Char 100
[15:52:30] [Server thread/INFO]: Char issued server command: /lshealth set Char 10
[15:52:35] [Server thread/INFO]: Char issued server command: /lsgive
[15:52:39] [Server thread/INFO]: Char issued server command: /lswithdraw
[15:52:43] [Server thread/INFO]: Char issued server command: /lswithdraw
[15:52:43] [Server thread/INFO]: Char issued server command: /lswithdraw
[15:52:44] [Server thread/INFO]: Char issued server command: /lswithdraw
[15:52:44] [Server thread/INFO]: Char issued server command: /lswithdraw
[15:52:44] [Server thread/INFO]: Char issued server command: /lswithdraw
[15:52:45] [Server thread/INFO]: Char issued server command: /lswithdraw
[15:52:45] [Server thread/INFO]: Char issued server command: /lswithdraw
[15:52:46] [Server thread/INFO]: Char issued server command: /lswithdraw
[15:52:47] [Server thread/INFO]: Char issued server command: /lswithdraw
[15:52:47] [Server thread/INFO]: Char issued server command: /lswithdraw
[15:52:51] [Server thread/INFO]: Char issued server command: /lswithdraw
[15:52:52] [Server thread/INFO]: Char issued server command: /lswithdraw
[15:52:54] [Server thread/INFO]: Char issued server command: /lswithdraw
[15:53:14] [Server thread/INFO]: Char now has 100.0 ❤ (Was 0.0 ❤)
[15:53:36] [Server thread/INFO]: Char fell out of the world
[15:53:36] [Server thread/INFO]: Killed Char
[15:53:43] [Server thread/INFO]: Char now has 10.0 ❤ (Was 99.0 ❤)
[15:53:53] [Server thread/INFO]: Char issued server command: /pl
[15:57:53] [Server thread/INFO]: Char was slain by Zombie
[15:58:44] [Server thread/INFO]: Char lost connection: Disconnected
[15:58:44] [Server thread/INFO]: Char left the game
